<?xml version="1.0" encoding="UTF-8"?>
<!-- Generated by org.testng.reporters.JUnitXMLReporter -->
<testsuite hostname="Ripon" ignored="0" name="Command line test" tests="1" failures="0" timestamp="24 Feb 2017 23:14:41 GMT" time="0.042" errors="0">
  <testcase name="@BeforeMethod setUp" time="0.0" classname="Base.CommonApi">
    <failure type="org.testng.TestNGException" message="
Parameter &amp;apos;url&amp;apos; is required by BeforeMethod on method setUp but has not been marked @Optional or defined
">
      <![CDATA[org.testng.TestNGException: 
Parameter 'url' is required by BeforeMethod on method setUp but has not been marked @Optional or defined

... Removed 33 stack frames]]>
    </failure>
  </testcase> <!-- @BeforeMethod setUp -->
  <testcase name="@AfterMethod tearDown" time="0.0" classname="Base.CommonApi">
    <skipped/>
  </testcase> <!-- @AfterMethod tearDown -->
  <testcase name="testPIIThome" time="0.01" classname="Home.PIITpageTest">
    <skipped/>
  </testcase> <!-- testPIIThome -->
</testsuite> <!-- Command line test -->
